[2024-03-11 15:34:12,507][flwr][INFO] - Starting Flower simulation, config: ServerConfig(num_rounds=10, round_timeout=None)
[2024-03-11 15:34:14,784][flwr][INFO] - Flower VCE: Ray initialized with resources: {'node:10.172.13.3': 1.0, 'memory': 8444035892.0, 'CPU': 16.0, 'object_store_memory': 4222017945.0}
[2024-03-11 15:34:14,785][flwr][INFO] - Initializing global parameters
[2024-03-11 15:34:14,785][flwr][INFO] - Requesting initial parameters from one random client
[2024-03-11 15:34:15,421][flwr][INFO] - Received initial parameters from one random client
[2024-03-11 15:34:15,421][flwr][INFO] - Evaluating initial parameters
[2024-03-11 15:34:16,071][flwr][INFO] - initial parameters (loss, other metrics): 182.15354990959167, {'accuracy': 0.0983}
[2024-03-11 15:34:16,071][flwr][INFO] - FL starting
[2024-03-11 15:34:16,071][flwr][DEBUG] - fit_round 1: strategy sampled 10 clients (out of 100)
[2024-03-11 15:34:17,960][flwr][DEBUG] - fit_round 1 received 10 results and 0 failures
[2024-03-11 15:34:17,977][flwr][WARNING] - No fit_metrics_aggregation_fn provided
[2024-03-11 15:34:18,646][flwr][INFO] - fit progress: (1, 180.53370237350464, {'accuracy': 0.1984}, 2.575175139999999)
[2024-03-11 15:34:18,647][flwr][DEBUG] - evaluate_round 1: strategy sampled 25 clients (out of 100)
[2024-03-11 15:34:20,392][flwr][DEBUG] - evaluate_round 1 received 25 results and 0 failures
[2024-03-11 15:34:20,392][flwr][WARNING] - No evaluate_metrics_aggregation_fn provided
[2024-03-11 15:34:20,392][flwr][DEBUG] - fit_round 2: strategy sampled 10 clients (out of 100)
[2024-03-11 15:34:21,343][flwr][DEBUG] - fit_round 2 received 10 results and 0 failures
[2024-03-11 15:34:22,108][flwr][INFO] - fit progress: (2, 173.89986038208008, {'accuracy': 0.3911}, 6.037101069000002)
[2024-03-11 15:34:22,109][flwr][DEBUG] - evaluate_round 2: strategy sampled 25 clients (out of 100)
[2024-03-11 15:34:23,777][flwr][DEBUG] - evaluate_round 2 received 25 results and 0 failures
[2024-03-11 15:34:23,777][flwr][DEBUG] - fit_round 3: strategy sampled 10 clients (out of 100)
[2024-03-11 15:34:24,714][flwr][DEBUG] - fit_round 3 received 10 results and 0 failures
[2024-03-11 15:34:25,330][flwr][INFO] - fit progress: (3, 116.46789109706879, {'accuracy': 0.5681}, 9.259192846999994)
[2024-03-11 15:34:25,331][flwr][DEBUG] - evaluate_round 3: strategy sampled 25 clients (out of 100)
