[2024-03-11 16:50:49,917][flwr][INFO] - Starting Flower simulation, config: ServerConfig(num_rounds=2, round_timeout=None)
[2024-03-11 16:50:53,509][flwr][INFO] - Flower VCE: Ray initialized with resources: {'accelerator_type:T550': 1.0, 'node:10.172.13.3': 1.0, 'CPU': 16.0, 'object_store_memory': 3880984166.0, 'memory': 7761968334.0, 'GPU': 1.0}
[2024-03-11 16:50:53,510][flwr][INFO] - Initializing global parameters
[2024-03-11 16:50:53,510][flwr][INFO] - Requesting initial parameters from one random client
[2024-03-11 16:50:54,146][flwr][INFO] - Received initial parameters from one random client
[2024-03-11 16:50:54,146][flwr][INFO] - Evaluating initial parameters
[2024-03-11 16:50:55,198][flwr][INFO] - initial parameters (loss, other metrics): 182.30482029914856, {'accuracy': 0.1242}
[2024-03-11 16:50:55,198][flwr][INFO] - FL starting
[2024-03-11 16:50:55,198][flwr][DEBUG] - fit_round 1: strategy sampled 10 clients (out of 100)
[2024-03-11 16:50:58,711][flwr][DEBUG] - fit_round 1 received 10 results and 0 failures
[2024-03-11 16:50:58,727][flwr][WARNING] - No fit_metrics_aggregation_fn provided
[2024-03-11 16:50:59,256][flwr][INFO] - fit progress: (1, 177.95367002487183, {'accuracy': 0.2119}, 4.057702620000327)
[2024-03-11 16:50:59,256][flwr][DEBUG] - evaluate_round 1: strategy sampled 25 clients (out of 100)
[2024-03-11 16:51:01,443][flwr][DEBUG] - evaluate_round 1 received 25 results and 0 failures
[2024-03-11 16:51:01,443][flwr][WARNING] - No evaluate_metrics_aggregation_fn provided
[2024-03-11 16:51:01,449][flwr][DEBUG] - fit_round 2: strategy sampled 10 clients (out of 100)
[2024-03-11 16:51:02,493][flwr][DEBUG] - fit_round 2 received 10 results and 0 failures
[2024-03-11 16:51:03,000][flwr][INFO] - fit progress: (2, 150.78721678256989, {'accuracy': 0.5193}, 7.801186087000133)
[2024-03-11 16:51:03,000][flwr][DEBUG] - evaluate_round 2: strategy sampled 25 clients (out of 100)
[2024-03-11 16:51:05,028][flwr][DEBUG] - evaluate_round 2 received 25 results and 0 failures
[2024-03-11 16:51:05,028][flwr][INFO] - FL finished in 9.829455707999841
[2024-03-11 16:51:05,033][flwr][INFO] - app_fit: losses_distributed [(1, 6.756928205490112), (2, 5.757927374839783)]
[2024-03-11 16:51:05,033][flwr][INFO] - app_fit: metrics_distributed_fit {}
[2024-03-11 16:51:05,033][flwr][INFO] - app_fit: metrics_distributed {}
[2024-03-11 16:51:05,033][flwr][INFO] - app_fit: losses_centralized [(0, 182.30482029914856), (1, 177.95367002487183), (2, 150.78721678256989)]
[2024-03-11 16:51:05,033][flwr][INFO] - app_fit: metrics_centralized {'accuracy': [(0, 0.1242), (1, 0.2119), (2, 0.5193)]}
