[2024-03-11 14:59:04,557][flwr][INFO] - Starting Flower simulation, config: ServerConfig(num_rounds=10, round_timeout=None)
[2024-03-11 14:59:05,785][flwr][INFO] - Flower VCE: Ray initialized with resources: {'node:10.172.13.3': 1.0, 'object_store_memory': 4021019443.0, 'CPU': 16.0, 'memory': 8042038887.0}
[2024-03-11 14:59:05,786][flwr][INFO] - Initializing global parameters
[2024-03-11 14:59:05,786][flwr][INFO] - Requesting initial parameters from one random client
[2024-03-11 14:59:21,000][flwr][INFO] - Received initial parameters from one random client
[2024-03-11 14:59:21,000][flwr][INFO] - Evaluating initial parameters
[2024-03-11 14:59:37,485][flwr][INFO] - initial parameters (loss, other metrics): 181.94773054122925, {'accuracy': 0.0996}
[2024-03-11 14:59:37,486][flwr][INFO] - FL starting
[2024-03-11 14:59:37,487][flwr][DEBUG] - fit_round 1: strategy sampled 10 clients (out of 100)
[2024-03-11 14:59:55,572][flwr][DEBUG] - fit_round 1 received 10 results and 0 failures
[2024-03-11 14:59:55,582][flwr][WARNING] - No fit_metrics_aggregation_fn provided
[2024-03-11 14:59:56,248][flwr][INFO] - fit progress: (1, 178.24042558670044, {'accuracy': 0.3783}, 18.761353765000024)
[2024-03-11 14:59:56,248][flwr][DEBUG] - evaluate_round 1: strategy sampled 25 clients (out of 100)
[2024-03-11 14:59:57,990][flwr][DEBUG] - evaluate_round 1 received 25 results and 0 failures
[2024-03-11 14:59:57,990][flwr][WARNING] - No evaluate_metrics_aggregation_fn provided
[2024-03-11 14:59:57,991][flwr][DEBUG] - fit_round 2: strategy sampled 10 clients (out of 100)
[2024-03-11 14:59:58,858][flwr][DEBUG] - fit_round 2 received 10 results and 0 failures
[2024-03-11 14:59:59,581][flwr][INFO] - fit progress: (2, 154.57487630844116, {'accuracy': 0.4633}, 22.094103926999992)
[2024-03-11 14:59:59,581][flwr][DEBUG] - evaluate_round 2: strategy sampled 25 clients (out of 100)
[2024-03-11 15:00:01,186][flwr][DEBUG] - evaluate_round 2 received 25 results and 0 failures
[2024-03-11 15:00:01,187][flwr][DEBUG] - fit_round 3: strategy sampled 10 clients (out of 100)
[2024-03-11 15:00:02,045][flwr][DEBUG] - fit_round 3 received 10 results and 0 failures
[2024-03-11 15:00:02,634][flwr][INFO] - fit progress: (3, 71.63197946548462, {'accuracy': 0.7178}, 25.14777290699999)
[2024-03-11 15:00:02,635][flwr][DEBUG] - evaluate_round 3: strategy sampled 25 clients (out of 100)
[2024-03-11 15:00:04,225][flwr][DEBUG] - evaluate_round 3 received 25 results and 0 failures
[2024-03-11 15:00:04,225][flwr][DEBUG] - fit_round 4: strategy sampled 10 clients (out of 100)
[2024-03-11 15:00:05,125][flwr][DEBUG] - fit_round 4 received 10 results and 0 failures
[2024-03-11 15:00:05,713][flwr][INFO] - fit progress: (4, 59.077728271484375, {'accuracy': 0.7918}, 28.225948345000006)
[2024-03-11 15:00:05,713][flwr][DEBUG] - evaluate_round 4: strategy sampled 25 clients (out of 100)
[2024-03-11 15:00:07,295][flwr][DEBUG] - evaluate_round 4 received 25 results and 0 failures
[2024-03-11 15:00:07,296][flwr][DEBUG] - fit_round 5: strategy sampled 10 clients (out of 100)
[2024-03-11 15:00:08,191][flwr][DEBUG] - fit_round 5 received 10 results and 0 failures
[2024-03-11 15:00:08,735][flwr][INFO] - fit progress: (5, 50.64762532711029, {'accuracy': 0.838}, 31.247998699999982)
[2024-03-11 15:00:08,735][flwr][DEBUG] - evaluate_round 5: strategy sampled 25 clients (out of 100)
[2024-03-11 15:00:10,394][flwr][DEBUG] - evaluate_round 5 received 25 results and 0 failures
[2024-03-11 15:00:10,394][flwr][DEBUG] - fit_round 6: strategy sampled 10 clients (out of 100)
[2024-03-11 15:00:11,282][flwr][DEBUG] - fit_round 6 received 10 results and 0 failures
[2024-03-11 15:00:11,835][flwr][INFO] - fit progress: (6, 31.120688885450363, {'accuracy': 0.8783}, 34.348481832999994)
[2024-03-11 15:00:11,835][flwr][DEBUG] - evaluate_round 6: strategy sampled 25 clients (out of 100)
[2024-03-11 15:00:13,466][flwr][DEBUG] - evaluate_round 6 received 25 results and 0 failures
[2024-03-11 15:00:13,466][flwr][DEBUG] - fit_round 7: strategy sampled 10 clients (out of 100)
[2024-03-11 15:00:14,335][flwr][DEBUG] - fit_round 7 received 10 results and 0 failures
[2024-03-11 15:00:15,022][flwr][INFO] - fit progress: (7, 24.490282952785492, {'accuracy': 0.9077}, 37.53573511799999)
[2024-03-11 15:00:15,023][flwr][DEBUG] - evaluate_round 7: strategy sampled 25 clients (out of 100)
[2024-03-11 15:00:16,574][flwr][DEBUG] - evaluate_round 7 received 25 results and 0 failures
[2024-03-11 15:00:16,574][flwr][DEBUG] - fit_round 8: strategy sampled 10 clients (out of 100)
[2024-03-11 15:00:17,484][flwr][DEBUG] - fit_round 8 received 10 results and 0 failures
[2024-03-11 15:00:18,676][flwr][INFO] - fit progress: (8, 21.15668001025915, {'accuracy': 0.9198}, 41.18918856900001)
[2024-03-11 15:00:18,676][flwr][DEBUG] - evaluate_round 8: strategy sampled 25 clients (out of 100)
[2024-03-11 15:00:20,297][flwr][DEBUG] - evaluate_round 8 received 25 results and 0 failures
[2024-03-11 15:00:20,298][flwr][DEBUG] - fit_round 9: strategy sampled 10 clients (out of 100)
[2024-03-11 15:00:21,177][flwr][DEBUG] - fit_round 9 received 10 results and 0 failures
[2024-03-11 15:00:22,013][flwr][INFO] - fit progress: (9, 18.22117256373167, {'accuracy': 0.9286}, 44.526780986000006)
[2024-03-11 15:00:22,014][flwr][DEBUG] - evaluate_round 9: strategy sampled 25 clients (out of 100)
[2024-03-11 15:00:23,606][flwr][DEBUG] - evaluate_round 9 received 25 results and 0 failures
[2024-03-11 15:00:23,606][flwr][DEBUG] - fit_round 10: strategy sampled 10 clients (out of 100)
[2024-03-11 15:00:24,487][flwr][DEBUG] - fit_round 10 received 10 results and 0 failures
[2024-03-11 15:00:25,042][flwr][INFO] - fit progress: (10, 17.83523154258728, {'accuracy': 0.9351}, 47.55498431899997)
[2024-03-11 15:00:25,042][flwr][DEBUG] - evaluate_round 10: strategy sampled 25 clients (out of 100)
[2024-03-11 15:00:26,623][flwr][DEBUG] - evaluate_round 10 received 25 results and 0 failures
[2024-03-11 15:00:26,624][flwr][INFO] - FL finished in 49.13694114600003
[2024-03-11 15:00:26,624][flwr][INFO] - app_fit: losses_distributed [(1, 6.778548717498779), (2, 5.921514978408814), (3, 2.868580176830292), (4, 2.3537160468101503), (5, 2.019174774885178), (6, 1.308661853671074), (7, 1.0270845556259156), (8, 1.03289952814579), (9, 0.7796271556615829), (10, 0.703997145742178)]
[2024-03-11 15:00:26,624][flwr][INFO] - app_fit: metrics_distributed_fit {}
[2024-03-11 15:00:26,624][flwr][INFO] - app_fit: metrics_distributed {}
[2024-03-11 15:00:26,624][flwr][INFO] - app_fit: losses_centralized [(0, 181.94773054122925), (1, 178.24042558670044), (2, 154.57487630844116), (3, 71.63197946548462), (4, 59.077728271484375), (5, 50.64762532711029), (6, 31.120688885450363), (7, 24.490282952785492), (8, 21.15668001025915), (9, 18.22117256373167), (10, 17.83523154258728)]
[2024-03-11 15:00:26,624][flwr][INFO] - app_fit: metrics_centralized {'accuracy': [(0, 0.0996), (1, 0.3783), (2, 0.4633), (3, 0.7178), (4, 0.7918), (5, 0.838), (6, 0.8783), (7, 0.9077), (8, 0.9198), (9, 0.9286), (10, 0.9351)]}
