[2024-03-11 14:33:12,716][flwr][INFO] - Starting Flower simulation, config: ServerConfig(num_rounds=10, round_timeout=None)
[2024-03-11 14:33:14,941][flwr][INFO] - Flower VCE: Ray initialized with resources: {'object_store_memory': 3720112128.0, 'node:10.172.13.3': 1.0, 'memory': 7440224256.0, 'CPU': 16.0}
[2024-03-11 14:33:14,942][flwr][INFO] - Initializing global parameters
[2024-03-11 14:33:14,943][flwr][INFO] - Requesting initial parameters from one random client
[2024-03-11 14:33:15,542][flwr][INFO] - Received initial parameters from one random client
[2024-03-11 14:33:15,542][flwr][INFO] - Evaluating initial parameters
[2024-03-11 14:33:16,143][flwr][INFO] - initial parameters (loss, other metrics): 182.0419328212738, {'accuracy': 0.133}
[2024-03-11 14:33:16,143][flwr][INFO] - FL starting
[2024-03-11 14:33:16,143][flwr][DEBUG] - fit_round 1: strategy sampled 10 clients (out of 100)
[2024-03-11 14:33:17,868][flwr][DEBUG] - fit_round 1 received 10 results and 0 failures
[2024-03-11 14:33:17,881][flwr][WARNING] - No fit_metrics_aggregation_fn provided
[2024-03-11 14:33:18,661][flwr][INFO] - fit progress: (1, 179.83925557136536, {'accuracy': 0.2408}, 2.517599975999474)
[2024-03-11 14:33:18,661][flwr][DEBUG] - evaluate_round 1: strategy sampled 25 clients (out of 100)
[2024-03-11 14:33:20,429][flwr][DEBUG] - evaluate_round 1 received 25 results and 0 failures
[2024-03-11 14:33:20,429][flwr][WARNING] - No evaluate_metrics_aggregation_fn provided
[2024-03-11 14:33:20,429][flwr][DEBUG] - fit_round 2: strategy sampled 10 clients (out of 100)
[2024-03-11 14:33:21,361][flwr][DEBUG] - fit_round 2 received 10 results and 0 failures
[2024-03-11 14:33:21,934][flwr][INFO] - fit progress: (2, 171.26132321357727, {'accuracy': 0.3558}, 5.790695379999306)
[2024-03-11 14:33:21,934][flwr][DEBUG] - evaluate_round 2: strategy sampled 25 clients (out of 100)
[2024-03-11 14:33:23,651][flwr][DEBUG] - evaluate_round 2 received 25 results and 0 failures
[2024-03-11 14:33:23,651][flwr][DEBUG] - fit_round 3: strategy sampled 10 clients (out of 100)
[2024-03-11 14:33:24,520][flwr][DEBUG] - fit_round 3 received 10 results and 0 failures
[2024-03-11 14:33:25,061][flwr][INFO] - fit progress: (3, 103.80092883110046, {'accuracy': 0.6292}, 8.917894485000033)
[2024-03-11 14:33:25,061][flwr][DEBUG] - evaluate_round 3: strategy sampled 25 clients (out of 100)
[2024-03-11 14:33:26,735][flwr][DEBUG] - evaluate_round 3 received 25 results and 0 failures
[2024-03-11 14:33:26,736][flwr][DEBUG] - fit_round 4: strategy sampled 10 clients (out of 100)
[2024-03-11 14:33:27,633][flwr][DEBUG] - fit_round 4 received 10 results and 0 failures
[2024-03-11 14:33:28,188][flwr][INFO] - fit progress: (4, 56.75187450647354, {'accuracy': 0.7899}, 12.045039535999422)
[2024-03-11 14:33:28,188][flwr][DEBUG] - evaluate_round 4: strategy sampled 25 clients (out of 100)
[2024-03-11 14:33:29,812][flwr][DEBUG] - evaluate_round 4 received 25 results and 0 failures
[2024-03-11 14:33:29,812][flwr][DEBUG] - fit_round 5: strategy sampled 10 clients (out of 100)
[2024-03-11 14:33:30,699][flwr][DEBUG] - fit_round 5 received 10 results and 0 failures
[2024-03-11 14:33:31,302][flwr][INFO] - fit progress: (5, 51.75850909948349, {'accuracy': 0.8268}, 15.158597067999835)
[2024-03-11 14:33:31,302][flwr][DEBUG] - evaluate_round 5: strategy sampled 25 clients (out of 100)
[2024-03-11 14:33:32,935][flwr][DEBUG] - evaluate_round 5 received 25 results and 0 failures
[2024-03-11 14:33:32,936][flwr][DEBUG] - fit_round 6: strategy sampled 10 clients (out of 100)
[2024-03-11 14:33:33,801][flwr][DEBUG] - fit_round 6 received 10 results and 0 failures
[2024-03-11 14:33:34,838][flwr][INFO] - fit progress: (6, 35.69158388674259, {'accuracy': 0.879}, 18.694445039999664)
[2024-03-11 14:33:34,838][flwr][DEBUG] - evaluate_round 6: strategy sampled 25 clients (out of 100)
[2024-03-11 14:33:36,471][flwr][DEBUG] - evaluate_round 6 received 25 results and 0 failures
[2024-03-11 14:33:36,471][flwr][DEBUG] - fit_round 7: strategy sampled 10 clients (out of 100)
[2024-03-11 14:33:37,348][flwr][DEBUG] - fit_round 7 received 10 results and 0 failures
[2024-03-11 14:33:37,904][flwr][INFO] - fit progress: (7, 28.725864738225937, {'accuracy': 0.8941}, 21.7609616689997)
[2024-03-11 14:33:37,904][flwr][DEBUG] - evaluate_round 7: strategy sampled 25 clients (out of 100)
[2024-03-11 14:33:39,499][flwr][DEBUG] - evaluate_round 7 received 25 results and 0 failures
[2024-03-11 14:33:39,499][flwr][DEBUG] - fit_round 8: strategy sampled 10 clients (out of 100)
[2024-03-11 14:33:40,387][flwr][DEBUG] - fit_round 8 received 10 results and 0 failures
[2024-03-11 14:33:41,489][flwr][INFO] - fit progress: (8, 22.24044306576252, {'accuracy': 0.9195}, 25.346166407000055)
[2024-03-11 14:33:41,490][flwr][DEBUG] - evaluate_round 8: strategy sampled 25 clients (out of 100)
[2024-03-11 14:33:43,109][flwr][DEBUG] - evaluate_round 8 received 25 results and 0 failures
[2024-03-11 14:33:43,109][flwr][DEBUG] - fit_round 9: strategy sampled 10 clients (out of 100)
[2024-03-11 14:33:44,003][flwr][DEBUG] - fit_round 9 received 10 results and 0 failures
[2024-03-11 14:33:44,553][flwr][INFO] - fit progress: (9, 17.90455066971481, {'accuracy': 0.9365}, 28.40942286599966)
[2024-03-11 14:33:44,553][flwr][DEBUG] - evaluate_round 9: strategy sampled 25 clients (out of 100)
[2024-03-11 14:33:46,140][flwr][DEBUG] - evaluate_round 9 received 25 results and 0 failures
[2024-03-11 14:33:46,141][flwr][DEBUG] - fit_round 10: strategy sampled 10 clients (out of 100)
[2024-03-11 14:33:47,015][flwr][DEBUG] - fit_round 10 received 10 results and 0 failures
[2024-03-11 14:33:47,583][flwr][INFO] - fit progress: (10, 16.948361068964005, {'accuracy': 0.9356}, 31.439658800999496)
[2024-03-11 14:33:47,583][flwr][DEBUG] - evaluate_round 10: strategy sampled 25 clients (out of 100)
[2024-03-11 14:33:49,237][flwr][DEBUG] - evaluate_round 10 received 25 results and 0 failures
[2024-03-11 14:33:49,237][flwr][INFO] - FL finished in 33.09425733799981
[2024-03-11 14:33:49,238][flwr][INFO] - app_fit: losses_distributed [(1, 6.830973691940308), (2, 6.502304582595825), (3, 4.060859107971192), (4, 2.2464164578914643), (5, 2.076331310272217), (6, 1.5119298976659774), (7, 1.1575864416360855), (8, 0.981953626871109), (9, 0.7943351738154888), (10, 0.7864409763365984)]
[2024-03-11 14:33:49,238][flwr][INFO] - app_fit: metrics_distributed_fit {}
[2024-03-11 14:33:49,238][flwr][INFO] - app_fit: metrics_distributed {}
[2024-03-11 14:33:49,238][flwr][INFO] - app_fit: losses_centralized [(0, 182.0419328212738), (1, 179.83925557136536), (2, 171.26132321357727), (3, 103.80092883110046), (4, 56.75187450647354), (5, 51.75850909948349), (6, 35.69158388674259), (7, 28.725864738225937), (8, 22.24044306576252), (9, 17.90455066971481), (10, 16.948361068964005)]
[2024-03-11 14:33:49,238][flwr][INFO] - app_fit: metrics_centralized {'accuracy': [(0, 0.133), (1, 0.2408), (2, 0.3558), (3, 0.6292), (4, 0.7899), (5, 0.8268), (6, 0.879), (7, 0.8941), (8, 0.9195), (9, 0.9365), (10, 0.9356)]}
