[2024-03-11 17:06:27,913][flwr][INFO] - Starting Flower simulation, config: ServerConfig(num_rounds=2, round_timeout=None)
[2024-03-11 17:06:31,539][flwr][INFO] - Flower VCE: Ray initialized with resources: {'object_store_memory': 4011220992.0, 'memory': 8022441984.0, 'CPU': 16.0, 'accelerator_type:T550': 1.0, 'GPU': 1.0, 'node:10.172.13.3': 1.0}
[2024-03-11 17:06:31,540][flwr][INFO] - Initializing global parameters
[2024-03-11 17:06:31,541][flwr][INFO] - Using initial parameters provided by strategy
[2024-03-11 17:06:31,541][flwr][INFO] - Evaluating initial parameters
[2024-03-11 17:06:32,654][flwr][INFO] - initial parameters (loss, other metrics): 182.08059573173523, {'accuracy': 0.0879}
[2024-03-11 17:06:32,654][flwr][INFO] - FL starting
[2024-03-11 17:06:32,655][flwr][DEBUG] - fit_round 1: strategy sampled 10 clients (out of 100)
[2024-03-11 17:06:36,485][flwr][DEBUG] - fit_round 1 received 10 results and 0 failures
[2024-03-11 17:06:36,498][flwr][WARNING] - No fit_metrics_aggregation_fn provided
[2024-03-11 17:06:37,016][flwr][INFO] - fit progress: (1, 180.87652778625488, {'accuracy': 0.1586}, 4.361486068999511)
[2024-03-11 17:06:37,016][flwr][DEBUG] - evaluate_round 1: strategy sampled 25 clients (out of 100)
[2024-03-11 17:06:39,342][flwr][DEBUG] - evaluate_round 1 received 25 results and 0 failures
[2024-03-11 17:06:39,342][flwr][WARNING] - No evaluate_metrics_aggregation_fn provided
[2024-03-11 17:06:39,343][flwr][DEBUG] - fit_round 2: strategy sampled 10 clients (out of 100)
[2024-03-11 17:06:40,357][flwr][DEBUG] - fit_round 2 received 10 results and 0 failures
[2024-03-11 17:06:40,838][flwr][INFO] - fit progress: (2, 177.48255705833435, {'accuracy': 0.3302}, 8.1838220059999)
[2024-03-11 17:06:40,838][flwr][DEBUG] - evaluate_round 2: strategy sampled 25 clients (out of 100)
[2024-03-11 17:06:42,784][flwr][DEBUG] - evaluate_round 2 received 25 results and 0 failures
[2024-03-11 17:06:42,784][flwr][INFO] - FL finished in 10.129716155000096
[2024-03-11 17:06:42,788][flwr][INFO] - app_fit: losses_distributed [(1, 6.873578958511352), (2, 6.7436863136291505)]
[2024-03-11 17:06:42,788][flwr][INFO] - app_fit: metrics_distributed_fit {}
[2024-03-11 17:06:42,788][flwr][INFO] - app_fit: metrics_distributed {}
[2024-03-11 17:06:42,788][flwr][INFO] - app_fit: losses_centralized [(0, 182.08059573173523), (1, 180.87652778625488), (2, 177.48255705833435)]
[2024-03-11 17:06:42,788][flwr][INFO] - app_fit: metrics_centralized {'accuracy': [(0, 0.0879), (1, 0.1586), (2, 0.3302)]}
